# JRE version: OpenJDK Runtime Environment (25.0+1) (build 25-loom+1-11)
# Java VM: OpenJDK 64-Bit Server VM (25-loom+1-11, mixed mode, sharing, tiered, compressed oops, compressed class ptrs, g1 gc, windows-amd64)
GC Precious Log:
 CardTable entry size: 512
 Card Set container configuration: InlinePtr #cards 5 size 8 Array Of Cards #cards 10 size 36 Howl #buckets 4 coarsen threshold 1843 Howl Bitmap #cards 512 size 80 coarsen threshold 460 Card regions per heap region 1 cards per card region 2048
 CPUs: 4 total, 4 available
 Memory: 7834M
 Large Page Support: Disabled
 NUMA Support: Disabled
 Compressed Oops: Enabled (32-bit)
 Heap Region Size: 1M
 Heap Min Capacity: 8M
 Heap Initial Capacity: 124M
 Heap Max Capacity: 2G
 Pre-touch: Disabled
 Parallel Workers: 4
 Concurrent Workers: 1
 Concurrent Refinement Workers: 4
 Periodic GC: Disabled
Heap:
 garbage-first heap   total reserved 2097152K, committed 475136K, used 287688K [0x0000000080000000, 0x0000000100000000)
  region size 1024K, 142 young (145408K), 10 survivors (10240K)
 Metaspace       used 88371K, committed 90688K, reserved 1179648K
  class space    used 10105K, committed 11200K, reserved 1048576K
GC Heap History (20 events):
Event: 40.327 GC heap before
{Heap before GC invocations=29 (full 0):
 garbage-first heap   total reserved 2097152K, committed 159744K, used 145885K [0x0000000080000000, 0x0000000100000000)
  region size 1024K, 41 young (41984K), 6 survivors (6144K)
 Metaspace       used 82937K, committed 85248K, reserved 1179648K
  class space    used 9507K, committed 10624K, reserved 1048576K
}
Event: 40.345 GC heap after
{Heap after GC invocations=30 (full 0):
 garbage-first heap   total reserved 2097152K, committed 166912K, used 121344K [0x0000000080000000, 0x0000000100000000)
  region size 1024K, 6 young (6144K), 6 survivors (6144K)
 Metaspace       used 82937K, committed 85248K, reserved 1179648K
  class space    used 9507K, committed 10624K, reserved 1048576K
}
Event: 40.933 GC heap before
{Heap before GC invocations=30 (full 0):
 garbage-first heap   total reserved 2097152K, committed 166912K, used 148992K [0x0000000080000000, 0x0000000100000000)
  region size 1024K, 33 young (33792K), 6 survivors (6144K)
 Metaspace       used 83556K, committed 85888K, reserved 1179648K
  class space    used 9574K, committed 10688K, reserved 1048576K
}
Event: 40.945 GC heap after
{Heap after GC invocations=31 (full 0):
 garbage-first heap   total reserved 2097152K, committed 200704K, used 126976K [0x0000000080000000, 0x0000000100000000)
  region size 1024K, 5 young (5120K), 5 survivors (5120K)
 Metaspace       used 83556K, committed 85888K, reserved 1179648K
  class space    used 9574K, committed 10688K, reserved 1048576K
}
Event: 42.636 GC heap before
{Heap before GC invocations=32 (full 0):
 garbage-first heap   total reserved 2097152K, committed 208896K, used 174080K [0x0000000080000000, 0x0000000100000000)
  region size 1024K, 53 young (54272K), 5 survivors (5120K)
 Metaspace       used 86187K, committed 88512K, reserved 1179648K
  class space    used 9857K, committed 10944K, reserved 1048576K
}
Event: 42.649 GC heap after
{Heap after GC invocations=33 (full 0):
 garbage-first heap   total reserved 2097152K, committed 208896K, used 124452K [0x0000000080000000, 0x0000000100000000)
  region size 1024K, 7 young (7168K), 7 survivors (7168K)
 Metaspace       used 86187K, committed 88512K, reserved 1179648K
  class space    used 9857K, committed 10944K, reserved 1048576K
}
Event: 43.356 GC heap before
{Heap before GC invocations=33 (full 0):
 garbage-first heap   total reserved 2097152K, committed 208896K, used 180772K [0x0000000080000000, 0x0000000100000000)
  region size 1024K, 62 young (63488K), 7 survivors (7168K)
 Metaspace       used 86846K, committed 89152K, reserved 1179648K
  class space    used 9914K, committed 11008K, reserved 1048576K
}
Event: 43.382 GC heap after
{Heap after GC invocations=34 (full 0):
 garbage-first heap   total reserved 2097152K, committed 208896K, used 134095K [0x0000000080000000, 0x0000000100000000)
  region size 1024K, 8 young (8192K), 8 survivors (8192K)
 Metaspace       used 86846K, committed 89152K, reserved 1179648K
  class space    used 9914K, committed 11008K, reserved 1048576K
}
Event: 43.680 GC heap before
{Heap before GC invocations=34 (full 0):
 garbage-first heap   total reserved 2097152K, committed 208896K, used 183247K [0x0000000080000000, 0x0000000100000000)
  region size 1024K, 56 young (57344K), 8 survivors (8192K)
 Metaspace       used 86846K, committed 89152K, reserved 1179648K
  class space    used 9914K, committed 11008K, reserved 1048576K
}
Event: 43.700 GC heap after
{Heap after GC invocations=35 (full 0):
 garbage-first heap   total reserved 2097152K, committed 208896K, used 147968K [0x0000000080000000, 0x0000000100000000)
  region size 1024K, 7 young (7168K), 7 survivors (7168K)
 Metaspace       used 86846K, committed 89152K, reserved 1179648K
  class space    used 9914K, committed 11008K, reserved 1048576K
}
Event: 44.042 GC heap before
{Heap before GC invocations=36 (full 0):
 garbage-first heap   total reserved 2097152K, committed 237568K, used 179712K [0x0000000080000000, 0x0000000100000000)
  region size 1024K, 44 young (45056K), 7 survivors (7168K)
 Metaspace       used 86846K, committed 89152K, reserved 1179648K
  class space    used 9914K, committed 11008K, reserved 1048576K
}
Event: 44.060 GC heap after
{Heap after GC invocations=37 (full 0):
 garbage-first heap   total reserved 2097152K, committed 237568K, used 153600K [0x0000000080000000, 0x0000000100000000)
  region size 1024K, 6 young (6144K), 6 survivors (6144K)
 Metaspace       used 86846K, committed 89152K, reserved 1179648K
  class space    used 9914K, committed 11008K, reserved 1048576K
}
Event: 44.401 GC heap before
{Heap before GC invocations=37 (full 0):
 garbage-first heap   total reserved 2097152K, committed 237568K, used 205824K [0x0000000080000000, 0x0000000100000000)
  region size 1024K, 57 young (58368K), 6 survivors (6144K)
 Metaspace       used 86853K, committed 89152K, reserved 1179648K
  class space    used 9914K, committed 11008K, reserved 1048576K
}
Event: 44.420 GC heap after
{Heap after GC invocations=38 (full 0):
 garbage-first heap   total reserved 2097152K, committed 237568K, used 142336K [0x0000000080000000, 0x0000000100000000)
  region size 1024K, 8 young (8192K), 8 survivors (8192K)
 Metaspace       used 86853K, committed 89152K, reserved 1179648K
  class space    used 9914K, committed 11008K, reserved 1048576K
}
Event: 44.736 GC heap before
{Heap before GC invocations=38 (full 0):
 garbage-first heap   total reserved 2097152K, committed 237568K, used 199680K [0x0000000080000000, 0x0000000100000000)
  region size 1024K, 64 young (65536K), 8 survivors (8192K)
 Metaspace       used 86933K, committed 89216K, reserved 1179648K
  class space    used 9919K, committed 11008K, reserved 1048576K
}
Event: 44.750 GC heap after
{Heap after GC invocations=39 (full 0):
 garbage-first heap   total reserved 2097152K, committed 237568K, used 150528K [0x0000000080000000, 0x0000000100000000)
  region size 1024K, 8 young (8192K), 8 survivors (8192K)
 Metaspace       used 86933K, committed 89216K, reserved 1179648K
  class space    used 9919K, committed 11008K, reserved 1048576K
}
Event: 45.111 GC heap before
{Heap before GC invocations=39 (full 0):
 garbage-first heap   total reserved 2097152K, committed 237568K, used 203776K [0x0000000080000000, 0x0000000100000000)
  region size 1024K, 60 young (61440K), 8 survivors (8192K)
 Metaspace       used 86951K, committed 89216K, reserved 1179648K
  class space    used 9919K, committed 11008K, reserved 1048576K
}
Event: 45.121 GC heap after
{Heap after GC invocations=40 (full 0):
 garbage-first heap   total reserved 2097152K, committed 475136K, used 153999K [0x0000000080000000, 0x0000000100000000)
  region size 1024K, 5 young (5120K), 5 survivors (5120K)
 Metaspace       used 86951K, committed 89216K, reserved 1179648K
  class space    used 9919K, committed 11008K, reserved 1048576K
}
Event: 46.898 GC heap before
{Heap before GC invocations=41 (full 0):
 garbage-first heap   total reserved 2097152K, committed 475136K, used 356751K [0x0000000080000000, 0x0000000100000000)
  region size 1024K, 209 young (214016K), 5 survivors (5120K)
 Metaspace       used 86972K, committed 89280K, reserved 1179648K
  class space    used 9920K, committed 11008K, reserved 1048576K
}
Event: 46.918 GC heap after
{Heap after GC invocations=42 (full 0):
 garbage-first heap   total reserved 2097152K, committed 475136K, used 153544K [0x0000000080000000, 0x0000000100000000)
  region size 1024K, 10 young (10240K), 10 survivors (10240K)
 Metaspace       used 86972K, committed 89280K, reserved 1179648K
  class space    used 9920K, committed 11008K, reserved 1048576K
}

